[debug] [2022-08-21T16:59:50.608Z] ----------------------------------------------------------------------
[debug] [2022-08-21T16:59:50.610Z] Command:       /usr/local/Cellar/node/18.2.0/bin/node /usr/local/bin/firebase init
[debug] [2022-08-21T16:59:50.610Z] CLI Version:   11.7.0
[debug] [2022-08-21T16:59:50.611Z] Platform:      darwin
[debug] [2022-08-21T16:59:50.611Z] Node Version:  v18.2.0
[debug] [2022-08-21T16:59:50.612Z] Time:          Mon Aug 22 2022 00:59:50 GMT+0800 (Hong Kong Standard Time)
[debug] [2022-08-21T16:59:50.612Z] ----------------------------------------------------------------------
[debug] 
[debug] [2022-08-21T16:59:50.621Z] > command requires scopes: ["email","openid","https://www.googleapis.com/auth/cloudplatformprojects.readonly","https://www.googleapis.com/auth/firebase","https://www.googleapis.com/auth/cloud-platform"]
[debug] [2022-08-21T16:59:50.623Z] > authorizing via signed-in user (laijackylai@gmail.com)
[info] 
     ######## #### ########  ######## ########     ###     ######  ########
     ##        ##  ##     ## ##       ##     ##  ##   ##  ##       ##
     ######    ##  ########  ######   ########  #########  ######  ######
     ##        ##  ##    ##  ##       ##     ## ##     ##       ## ##
     ##       #### ##     ## ######## ########  ##     ##  ######  ########

You're about to initialize a Firebase project in this directory:

  /Users/laijackylai/Documents/laijackylai

[info] 
=== Project Setup
[info] 
[info] First, let's associate this project directory with a Firebase project.
[info] You can create multiple project aliases by running firebase use --add, 
[info] but for now we'll just set up a default project.
[info] 
[debug] [2022-08-21T16:59:54.376Z] >>> [apiv2][query] GET https://firebase.googleapis.com/v1beta1/projects pageSize=100
[debug] [2022-08-21T16:59:54.964Z] <<< [apiv2][status] GET https://firebase.googleapis.com/v1beta1/projects 200
[debug] [2022-08-21T16:59:54.965Z] <<< [apiv2][body] GET https://firebase.googleapis.com/v1beta1/projects [omitted]
[info] i  Using project hklai-960db (HKLai) 
[info] 
=== Hosting Setup
[info] 
[info] Your public directory is the folder (relative to your project directory) that
[info] will contain Hosting assets to be uploaded with firebase deploy. If you
[info] have a build process for your assets, use your build's output directory.
[info] 
[debug] [2022-08-21T17:00:19.540Z] >>> [apiv2][query] GET https://www.gstatic.com/firebasejs/releases.json [none]
[debug] [2022-08-21T17:00:19.642Z] <<< [apiv2][status] GET https://www.gstatic.com/firebasejs/releases.json 200
[debug] [2022-08-21T17:00:19.646Z] <<< [apiv2][body] GET https://www.gstatic.com/firebasejs/releases.json {"current":{"version":"9.9.3","browserURL":"https://www.gstatic.com/firebasejs/9.9.3/firebase.js","packageURL":"https://www.gstatic.com/firebasejs/9.9.3/firebase.tgz"},"live":{"version":"9.9","browserURL":"https://www.gstatic.com/firebasejs/live/9.9/firebase.js","packageURL":"https://www.gstatic.com/firebasejs/live/9.9/firebase.tgz"},"components":{"analytics":"https://www.gstatic.com/firebasejs/9.9.3/firebase-analytics.js","app":"https://www.gstatic.com/firebasejs/9.9.3/firebase-app.js","app-check":"https://www.gstatic.com/firebasejs/9.9.3/firebase-app-check.js","auth":"https://www.gstatic.com/firebasejs/9.9.3/firebase-auth.js","auth/cordova":"https://www.gstatic.com/firebasejs/9.9.3/firebase-auth/cordova.js","auth/react-native":"https://www.gstatic.com/firebasejs/9.9.3/firebase-auth/react-native.js","functions":"https://www.gstatic.com/firebasejs/9.9.3/firebase-functions.js","firestore":"https://www.gstatic.com/firebasejs/9.9.3/firebase-firestore.js","firestore/lite":"https://www.gstatic.com/firebasejs/9.9.3/firebase-firestore/lite.js","installations":"https://www.gstatic.com/firebasejs/9.9.3/firebase-installations.js","storage":"https://www.gstatic.com/firebasejs/9.9.3/firebase-storage.js","performance":"https://www.gstatic.com/firebasejs/9.9.3/firebase-performance.js","remote-config":"https://www.gstatic.com/firebasejs/9.9.3/firebase-remote-config.js","messaging":"https://www.gstatic.com/firebasejs/9.9.3/firebase-messaging.js","messaging/sw":"https://www.gstatic.com/firebasejs/9.9.3/firebase-messaging/sw.js","database":"https://www.gstatic.com/firebasejs/9.9.3/firebase-database.js","firestore.memory":"https://www.gstatic.com/firebasejs/9.9.3/firebase-firestore.memory.js"}}
[info] ✔  Wrote build/index.html 
[info] 
[info] i  Detected a .git folder at /Users/laijackylai/Documents/laijackylai 
[info] i  Authorizing with GitHub to upload your service account to a GitHub repository's secrets store. 
[info] 
[info] Visit this URL on this device to log in:
[info] https://github.com/login/oauth/authorize?client_id=89cf50f02ac6aaed3484&state=525384587&redirect_uri=http%3A%2F%2Flocalhost%3A9005&scope=read%3Auser%20repo%20public_repo
[info] 
[info] Waiting for authentication...
[debug] [2022-08-21T17:01:11.313Z] >>> [apiv2][query] POST https://github.com/login/oauth/access_token [none]
[debug] [2022-08-21T17:01:11.314Z] >>> [apiv2][body] POST https://github.com/login/oauth/access_token [stream]
[debug] [2022-08-21T17:01:11.785Z] <<< [apiv2][status] POST https://github.com/login/oauth/access_token 200
[debug] [2022-08-21T17:01:11.786Z] <<< [apiv2][body] POST https://github.com/login/oauth/access_token {"access_token":"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","token_type":"bearer","scope":"read:user,repo"}
[debug] [2022-08-21T17:01:11.814Z] >>> [apiv2][query] GET https://api.github.com/user [none]
[debug] [2022-08-21T17:01:12.309Z] <<< [apiv2][status] GET https://api.github.com/user 200
[debug] [2022-08-21T17:01:12.311Z] <<< [apiv2][body] GET https://api.github.com/user {"login":"laijackylai","id":66239914,"node_id":"MDQ6VXNlcjY2MjM5OTE0","avatar_url":"https://avatars.githubusercontent.com/u/66239914?v=4","gravatar_id":"","url":"https://api.github.com/users/laijackylai","html_url":"https://github.com/laijackylai","followers_url":"https://api.github.com/users/laijackylai/followers","following_url":"https://api.github.com/users/laijackylai/following{/other_user}","gists_url":"https://api.github.com/users/laijackylai/gists{/gist_id}","starred_url":"https://api.github.com/users/laijackylai/starred{/owner}{/repo}","subscriptions_url":"https://api.github.com/users/laijackylai/subscriptions","organizations_url":"https://api.github.com/users/laijackylai/orgs","repos_url":"https://api.github.com/users/laijackylai/repos","events_url":"https://api.github.com/users/laijackylai/events{/privacy}","received_events_url":"https://api.github.com/users/laijackylai/received_events","type":"User","site_admin":false,"name":"laijackylai","company":null,"blog":"","location":null,"email":null,"hireable":null,"bio":null,"twitter_username":null,"public_repos":9,"public_gists":0,"followers":2,"following":6,"created_at":"2020-06-01T06:20:02Z","updated_at":"2022-07-10T10:53:48Z","private_gists":0,"total_private_repos":9,"owned_private_repos":9,"disk_usage":1182893,"collaborators":7,"two_factor_authentication":false,"plan":{"name":"free","space":976562499,"collaborators":0,"private_repos":10000}}
[info] 
[info] ✔  Success! Logged into GitHub as laijackylai 
[info] 
